<?xml version="1.0" encoding="UTF-8"?>
<!-- Generated by org.testng.reporters.JUnitXMLReporter -->
<testsuite ignored="4" hostname="DESKTOP-IDH9V1V" failures="3" tests="6" name="Test" time="128.921" errors="0" timestamp="2024-01-09T14:15:52 IST">
  <testcase classname="contacts.CreateContactWithLeadSource1" name="createContactWithLeadSource1" time="19.57"/>
  <testcase classname="contacts.CreateContactWithLeadSource1" name="demoTest" time="0.01">
    <failure type="java.lang.AssertionError" message="null">
      <![CDATA[java.lang.AssertionError: null
at contacts.CreateContactWithLeadSource1.demoTest(CreateContactWithLeadSource1.java:48)
at java.base/java.util.ArrayList.forEach(ArrayList.java:1511)
... Removed 27 stack frames]]>
    </failure>
  </testcase> <!-- demoTest -->
  <testcase classname="contacts.CreateContactTest1" name="createContactTest1" time="14.995"/>
  <testcase classname="contacts.CreateContactTest1" name="demoTest" time="0.004">
    <failure type="java.lang.AssertionError" message="null">
      <![CDATA[java.lang.AssertionError: null
at contacts.CreateContactTest1.demoTest(CreateContactTest1.java:49)
at java.base/java.util.ArrayList.forEach(ArrayList.java:1511)
... Removed 27 stack frames]]>
    </failure>
  </testcase> <!-- demoTest -->
  <testcase classname="contacts.CreateContactTest" name="createContactTest" time="18.39"/>
  <testcase classname="contacts.CreateContactTest" name="demoTest" time="0.001">
    <failure type="java.lang.AssertionError" message="null">
      <![CDATA[java.lang.AssertionError: null
at contacts.CreateContactTest.demoTest(CreateContactTest.java:107)
at java.base/java.util.ArrayList.forEach(ArrayList.java:1511)
... Removed 27 stack frames]]>
    </failure>
  </testcase> <!-- demoTest -->
  <testcase classname="genericUtilities.BaseClass" name="@BeforeSuite bsConfig" time="0.0">
    <ignored/>
  </testcase> <!-- @BeforeSuite bsConfig -->
  <testcase classname="genericUtilities.BaseClass" name="@BeforeSuite bsConfig" time="0.0">
    <ignored/>
  </testcase> <!-- @BeforeSuite bsConfig -->
  <testcase classname="genericUtilities.BaseClass" name="@AfterSuite asConfig" time="0.0">
    <ignored/>
  </testcase> <!-- @AfterSuite asConfig -->
  <testcase classname="genericUtilities.BaseClass" name="@AfterSuite asConfig" time="0.0">
    <ignored/>
  </testcase> <!-- @AfterSuite asConfig -->
</testsuite> <!-- Test -->
