<?xml version="1.0" encoding="UTF-8"?>
<testng-results ignored="0" total="6" passed="3" failed="3" skipped="0">
  <reporter-output>
  </reporter-output>
  <suite started-at="2024-01-09T14:13:43 IST" name="Suite" finished-at="2024-01-09T14:15:52 IST" duration-ms="128921">
    <groups>
      <group name="Smokings">
        <method signature="CreateContactTest.createContactTest()[pri:0, instance:contacts.CreateContactTest@3eb738bb]" name="createContactTest" class="contacts.CreateContactTest"/>
        <method signature="CreateContactTest1.createContactTest1()[pri:0, instance:contacts.CreateContactTest1@233795b6]" name="createContactTest1" class="contacts.CreateContactTest1"/>
        <method signature="CreateContactWithLeadSource1.createContactWithLeadSource1()[pri:0, instance:contacts.CreateContactWithLeadSource1@7dcf94f8]" name="createContactWithLeadSource1" class="contacts.CreateContactWithLeadSource1"/>
      </group> <!-- Smokings -->
      <group name="RegressionSuite">
        <method signature="CreateContactTest.createContactTest()[pri:0, instance:contacts.CreateContactTest@3eb738bb]" name="createContactTest" class="contacts.CreateContactTest"/>
        <method signature="CreateContactTest1.createContactTest1()[pri:0, instance:contacts.CreateContactTest1@233795b6]" name="createContactTest1" class="contacts.CreateContactTest1"/>
        <method signature="CreateContactWithLeadSource1.createContactWithLeadSource1()[pri:0, instance:contacts.CreateContactWithLeadSource1@7dcf94f8]" name="createContactWithLeadSource1" class="contacts.CreateContactWithLeadSource1"/>
      </group> <!-- RegressionSuite -->
      <group name="SmokeSuite">
        <method signature="CreateContactTest.createContactTest()[pri:0, instance:contacts.CreateContactTest@3eb738bb]" name="createContactTest" class="contacts.CreateContactTest"/>
        <method signature="CreateContactTest1.createContactTest1()[pri:0, instance:contacts.CreateContactTest1@233795b6]" name="createContactTest1" class="contacts.CreateContactTest1"/>
        <method signature="CreateContactWithLeadSource1.createContactWithLeadSource1()[pri:0, instance:contacts.CreateContactWithLeadSource1@7dcf94f8]" name="createContactWithLeadSource1" class="contacts.CreateContactWithLeadSource1"/>
      </group> <!-- SmokeSuite -->
    </groups>
    <test started-at="2024-01-09T14:13:43 IST" name="Test" finished-at="2024-01-09T14:15:52 IST" duration-ms="128921">
      <class name="contacts.CreateContactTest1">
        <test-method is-config="true" signature="bcConfig()[pri:0, instance:contacts.CreateContactTest1@233795b6]" started-at="2024-01-09T14:14:32 IST" name="bcConfig" finished-at="2024-01-09T14:14:35 IST" duration-ms="3074" status="PASS">
          <reporter-output>
          </reporter-output>
        </test-method> <!-- bcConfig -->
        <test-method is-config="true" signature="bmConfig()[pri:0, instance:contacts.CreateContactTest1@233795b6]" started-at="2024-01-09T14:14:35 IST" name="bmConfig" finished-at="2024-01-09T14:14:40 IST" duration-ms="4641" status="PASS">
          <reporter-output>
          </reporter-output>
        </test-method> <!-- bmConfig -->
        <test-method signature="createContactTest1()[pri:0, instance:contacts.CreateContactTest1@233795b6]" started-at="2024-01-09T14:14:40 IST" name="createContactTest1" finished-at="2024-01-09T14:14:55 IST" duration-ms="14995" status="PASS">
          <reporter-output>
          </reporter-output>
        </test-method> <!-- createContactTest1 -->
        <test-method is-config="true" signature="amConfig()[pri:0, instance:contacts.CreateContactTest1@233795b6]" started-at="2024-01-09T14:14:55 IST" name="amConfig" finished-at="2024-01-09T14:14:58 IST" duration-ms="3678" status="PASS">
          <reporter-output>
          </reporter-output>
        </test-method> <!-- amConfig -->
        <test-method is-config="true" signature="bmConfig()[pri:0, instance:contacts.CreateContactTest1@233795b6]" started-at="2024-01-09T14:14:58 IST" name="bmConfig" finished-at="2024-01-09T14:15:03 IST" duration-ms="4954" status="PASS">
          <reporter-output>
          </reporter-output>
        </test-method> <!-- bmConfig -->
        <test-method signature="demoTest()[pri:0, instance:contacts.CreateContactTest1@233795b6]" started-at="2024-01-09T14:15:03 IST" name="demoTest" finished-at="2024-01-09T14:15:03 IST" duration-ms="4" status="FAIL">
          <exception class="java.lang.AssertionError">
            <message>
              <![CDATA[null]]>
            </message>
            <full-stacktrace>
              <![CDATA[java.lang.AssertionError: null
at org.testng.Assert.fail(Assert.java:111)
at org.testng.Assert.fail(Assert.java:116)
at contacts.CreateContactTest1.demoTest(CreateContactTest1.java:49)
at java.base/jdk.internal.reflect.DirectMethodHandleAccessor.invoke(DirectMethodHandleAccessor.java:104)
at java.base/java.lang.reflect.Method.invoke(Method.java:578)
at org.testng.internal.invokers.MethodInvocationHelper.invokeMethod(MethodInvocationHelper.java:139)
at org.testng.internal.invokers.TestInvoker.invokeMethod(TestInvoker.java:664)
at org.testng.internal.invokers.TestInvoker.invokeTestMethod(TestInvoker.java:227)
at org.testng.internal.invokers.MethodRunner.runInSequence(MethodRunner.java:50)
at org.testng.internal.invokers.TestInvoker$MethodInvocationAgent.invoke(TestInvoker.java:957)
at org.testng.internal.invokers.TestInvoker.invokeTestMethods(TestInvoker.java:200)
at org.testng.internal.invokers.TestMethodWorker.invokeTestMethods(TestMethodWorker.java:148)
at org.testng.internal.invokers.TestMethodWorker.run(TestMethodWorker.java:128)
at java.base/java.util.ArrayList.forEach(ArrayList.java:1511)
at org.testng.TestRunner.privateRun(TestRunner.java:848)
at org.testng.TestRunner.run(TestRunner.java:621)
at org.testng.SuiteRunner.runTest(SuiteRunner.java:443)
at org.testng.SuiteRunner.runSequentially(SuiteRunner.java:437)
at org.testng.SuiteRunner.privateRun(SuiteRunner.java:397)
at org.testng.SuiteRunner.run(SuiteRunner.java:336)
at org.testng.SuiteRunnerWorker.runSuite(SuiteRunnerWorker.java:52)
at org.testng.SuiteRunnerWorker.run(SuiteRunnerWorker.java:95)
at org.testng.TestNG.runSuitesSequentially(TestNG.java:1280)
at org.testng.TestNG.runSuitesLocally(TestNG.java:1200)
at org.testng.TestNG.runSuites(TestNG.java:1114)
at org.testng.TestNG.run(TestNG.java:1082)
at org.testng.remote.AbstractRemoteTestNG.run(AbstractRemoteTestNG.java:115)
at org.testng.remote.RemoteTestNG.initAndRun(RemoteTestNG.java:251)
at org.testng.remote.RemoteTestNG.main(RemoteTestNG.java:77)
]]>
            </full-stacktrace>
          </exception> <!-- java.lang.AssertionError -->
          <reporter-output>
          </reporter-output>
        </test-method> <!-- demoTest -->
        <test-method is-config="true" signature="amConfig()[pri:0, instance:contacts.CreateContactTest1@233795b6]" started-at="2024-01-09T14:15:04 IST" name="amConfig" finished-at="2024-01-09T14:15:10 IST" duration-ms="6446" status="PASS">
          <reporter-output>
          </reporter-output>
        </test-method> <!-- amConfig -->
        <test-method is-config="true" signature="acConfig()[pri:0, instance:contacts.CreateContactTest1@233795b6]" started-at="2024-01-09T14:15:10 IST" name="acConfig" finished-at="2024-01-09T14:15:10 IST" duration-ms="258" status="PASS">
          <reporter-output>
          </reporter-output>
        </test-method> <!-- acConfig -->
      </class> <!-- contacts.CreateContactTest1 -->
      <class name="contacts.CreateContactTest">
        <test-method is-config="true" signature="bcConfig()[pri:0, instance:contacts.CreateContactTest@3eb738bb]" started-at="2024-01-09T14:15:10 IST" name="bcConfig" finished-at="2024-01-09T14:15:13 IST" duration-ms="3066" status="PASS">
          <reporter-output>
          </reporter-output>
        </test-method> <!-- bcConfig -->
        <test-method is-config="true" signature="bmConfig()[pri:0, instance:contacts.CreateContactTest@3eb738bb]" started-at="2024-01-09T14:15:13 IST" name="bmConfig" finished-at="2024-01-09T14:15:18 IST" duration-ms="4814" status="PASS">
          <reporter-output>
          </reporter-output>
        </test-method> <!-- bmConfig -->
        <test-method signature="createContactTest()[pri:0, instance:contacts.CreateContactTest@3eb738bb]" started-at="2024-01-09T14:15:18 IST" name="createContactTest" finished-at="2024-01-09T14:15:37 IST" duration-ms="18390" status="PASS">
          <reporter-output>
          </reporter-output>
        </test-method> <!-- createContactTest -->
        <test-method is-config="true" signature="amConfig()[pri:0, instance:contacts.CreateContactTest@3eb738bb]" started-at="2024-01-09T14:15:37 IST" name="amConfig" finished-at="2024-01-09T14:15:41 IST" duration-ms="4008" status="PASS">
          <reporter-output>
          </reporter-output>
        </test-method> <!-- amConfig -->
        <test-method is-config="true" signature="bmConfig()[pri:0, instance:contacts.CreateContactTest@3eb738bb]" started-at="2024-01-09T14:15:41 IST" name="bmConfig" finished-at="2024-01-09T14:15:46 IST" duration-ms="4896" status="PASS">
          <reporter-output>
          </reporter-output>
        </test-method> <!-- bmConfig -->
        <test-method signature="demoTest()[pri:0, instance:contacts.CreateContactTest@3eb738bb]" started-at="2024-01-09T14:15:46 IST" name="demoTest" finished-at="2024-01-09T14:15:46 IST" duration-ms="1" status="FAIL">
          <exception class="java.lang.AssertionError">
            <message>
              <![CDATA[null]]>
            </message>
            <full-stacktrace>
              <![CDATA[java.lang.AssertionError: null
at org.testng.Assert.fail(Assert.java:111)
at org.testng.Assert.fail(Assert.java:116)
at contacts.CreateContactTest.demoTest(CreateContactTest.java:107)
at java.base/jdk.internal.reflect.DirectMethodHandleAccessor.invoke(DirectMethodHandleAccessor.java:104)
at java.base/java.lang.reflect.Method.invoke(Method.java:578)
at org.testng.internal.invokers.MethodInvocationHelper.invokeMethod(MethodInvocationHelper.java:139)
at org.testng.internal.invokers.TestInvoker.invokeMethod(TestInvoker.java:664)
at org.testng.internal.invokers.TestInvoker.invokeTestMethod(TestInvoker.java:227)
at org.testng.internal.invokers.MethodRunner.runInSequence(MethodRunner.java:50)
at org.testng.internal.invokers.TestInvoker$MethodInvocationAgent.invoke(TestInvoker.java:957)
at org.testng.internal.invokers.TestInvoker.invokeTestMethods(TestInvoker.java:200)
at org.testng.internal.invokers.TestMethodWorker.invokeTestMethods(TestMethodWorker.java:148)
at org.testng.internal.invokers.TestMethodWorker.run(TestMethodWorker.java:128)
at java.base/java.util.ArrayList.forEach(ArrayList.java:1511)
at org.testng.TestRunner.privateRun(TestRunner.java:848)
at org.testng.TestRunner.run(TestRunner.java:621)
at org.testng.SuiteRunner.runTest(SuiteRunner.java:443)
at org.testng.SuiteRunner.runSequentially(SuiteRunner.java:437)
at org.testng.SuiteRunner.privateRun(SuiteRunner.java:397)
at org.testng.SuiteRunner.run(SuiteRunner.java:336)
at org.testng.SuiteRunnerWorker.runSuite(SuiteRunnerWorker.java:52)
at org.testng.SuiteRunnerWorker.run(SuiteRunnerWorker.java:95)
at org.testng.TestNG.runSuitesSequentially(TestNG.java:1280)
at org.testng.TestNG.runSuitesLocally(TestNG.java:1200)
at org.testng.TestNG.runSuites(TestNG.java:1114)
at org.testng.TestNG.run(TestNG.java:1082)
at org.testng.remote.AbstractRemoteTestNG.run(AbstractRemoteTestNG.java:115)
at org.testng.remote.RemoteTestNG.initAndRun(RemoteTestNG.java:251)
at org.testng.remote.RemoteTestNG.main(RemoteTestNG.java:77)
]]>
            </full-stacktrace>
          </exception> <!-- java.lang.AssertionError -->
          <reporter-output>
          </reporter-output>
        </test-method> <!-- demoTest -->
        <test-method is-config="true" signature="amConfig()[pri:0, instance:contacts.CreateContactTest@3eb738bb]" started-at="2024-01-09T14:15:46 IST" name="amConfig" finished-at="2024-01-09T14:15:52 IST" duration-ms="6216" status="PASS">
          <reporter-output>
          </reporter-output>
        </test-method> <!-- amConfig -->
        <test-method is-config="true" signature="acConfig()[pri:0, instance:contacts.CreateContactTest@3eb738bb]" started-at="2024-01-09T14:15:52 IST" name="acConfig" finished-at="2024-01-09T14:15:52 IST" duration-ms="220" status="PASS">
          <reporter-output>
          </reporter-output>
        </test-method> <!-- acConfig -->
      </class> <!-- contacts.CreateContactTest -->
      <class name="contacts.CreateContactWithLeadSource1">
        <test-method is-config="true" signature="bsConfig()[pri:0, instance:contacts.CreateContactWithLeadSource1@7dcf94f8]" started-at="2024-01-09T14:13:43 IST" name="bsConfig" finished-at="2024-01-09T14:13:43 IST" duration-ms="34" status="PASS">
          <reporter-output>
          </reporter-output>
        </test-method> <!-- bsConfig -->
        <test-method is-config="true" signature="bcConfig()[pri:0, instance:contacts.CreateContactWithLeadSource1@7dcf94f8]" started-at="2024-01-09T14:13:44 IST" name="bcConfig" finished-at="2024-01-09T14:13:51 IST" duration-ms="6695" status="PASS">
          <reporter-output>
          </reporter-output>
        </test-method> <!-- bcConfig -->
        <test-method is-config="true" signature="bmConfig()[pri:0, instance:contacts.CreateContactWithLeadSource1@7dcf94f8]" started-at="2024-01-09T14:13:51 IST" name="bmConfig" finished-at="2024-01-09T14:13:57 IST" duration-ms="5839" status="PASS">
          <reporter-output>
          </reporter-output>
        </test-method> <!-- bmConfig -->
        <test-method signature="createContactWithLeadSource1()[pri:0, instance:contacts.CreateContactWithLeadSource1@7dcf94f8]" started-at="2024-01-09T14:13:57 IST" name="createContactWithLeadSource1" finished-at="2024-01-09T14:14:16 IST" duration-ms="19570" status="PASS">
          <reporter-output>
          </reporter-output>
        </test-method> <!-- createContactWithLeadSource1 -->
        <test-method is-config="true" signature="amConfig()[pri:0, instance:contacts.CreateContactWithLeadSource1@7dcf94f8]" started-at="2024-01-09T14:14:16 IST" name="amConfig" finished-at="2024-01-09T14:14:20 IST" duration-ms="3796" status="PASS">
          <reporter-output>
          </reporter-output>
        </test-method> <!-- amConfig -->
        <test-method is-config="true" signature="bmConfig()[pri:0, instance:contacts.CreateContactWithLeadSource1@7dcf94f8]" started-at="2024-01-09T14:14:20 IST" name="bmConfig" finished-at="2024-01-09T14:14:25 IST" duration-ms="5020" status="PASS">
          <reporter-output>
          </reporter-output>
        </test-method> <!-- bmConfig -->
        <test-method signature="demoTest()[pri:0, instance:contacts.CreateContactWithLeadSource1@7dcf94f8]" started-at="2024-01-09T14:14:25 IST" name="demoTest" finished-at="2024-01-09T14:14:25 IST" duration-ms="10" status="FAIL">
          <exception class="java.lang.AssertionError">
            <message>
              <![CDATA[null]]>
            </message>
            <full-stacktrace>
              <![CDATA[java.lang.AssertionError: null
at org.testng.Assert.fail(Assert.java:111)
at org.testng.Assert.fail(Assert.java:116)
at contacts.CreateContactWithLeadSource1.demoTest(CreateContactWithLeadSource1.java:48)
at java.base/jdk.internal.reflect.DirectMethodHandleAccessor.invoke(DirectMethodHandleAccessor.java:104)
at java.base/java.lang.reflect.Method.invoke(Method.java:578)
at org.testng.internal.invokers.MethodInvocationHelper.invokeMethod(MethodInvocationHelper.java:139)
at org.testng.internal.invokers.TestInvoker.invokeMethod(TestInvoker.java:664)
at org.testng.internal.invokers.TestInvoker.invokeTestMethod(TestInvoker.java:227)
at org.testng.internal.invokers.MethodRunner.runInSequence(MethodRunner.java:50)
at org.testng.internal.invokers.TestInvoker$MethodInvocationAgent.invoke(TestInvoker.java:957)
at org.testng.internal.invokers.TestInvoker.invokeTestMethods(TestInvoker.java:200)
at org.testng.internal.invokers.TestMethodWorker.invokeTestMethods(TestMethodWorker.java:148)
at org.testng.internal.invokers.TestMethodWorker.run(TestMethodWorker.java:128)
at java.base/java.util.ArrayList.forEach(ArrayList.java:1511)
at org.testng.TestRunner.privateRun(TestRunner.java:848)
at org.testng.TestRunner.run(TestRunner.java:621)
at org.testng.SuiteRunner.runTest(SuiteRunner.java:443)
at org.testng.SuiteRunner.runSequentially(SuiteRunner.java:437)
at org.testng.SuiteRunner.privateRun(SuiteRunner.java:397)
at org.testng.SuiteRunner.run(SuiteRunner.java:336)
at org.testng.SuiteRunnerWorker.runSuite(SuiteRunnerWorker.java:52)
at org.testng.SuiteRunnerWorker.run(SuiteRunnerWorker.java:95)
at org.testng.TestNG.runSuitesSequentially(TestNG.java:1280)
at org.testng.TestNG.runSuitesLocally(TestNG.java:1200)
at org.testng.TestNG.runSuites(TestNG.java:1114)
at org.testng.TestNG.run(TestNG.java:1082)
at org.testng.remote.AbstractRemoteTestNG.run(AbstractRemoteTestNG.java:115)
at org.testng.remote.RemoteTestNG.initAndRun(RemoteTestNG.java:251)
at org.testng.remote.RemoteTestNG.main(RemoteTestNG.java:77)
]]>
            </full-stacktrace>
          </exception> <!-- java.lang.AssertionError -->
          <reporter-output>
          </reporter-output>
        </test-method> <!-- demoTest -->
        <test-method is-config="true" signature="amConfig()[pri:0, instance:contacts.CreateContactWithLeadSource1@7dcf94f8]" started-at="2024-01-09T14:14:25 IST" name="amConfig" finished-at="2024-01-09T14:14:32 IST" duration-ms="6414" status="PASS">
          <reporter-output>
          </reporter-output>
        </test-method> <!-- amConfig -->
        <test-method is-config="true" signature="acConfig()[pri:0, instance:contacts.CreateContactWithLeadSource1@7dcf94f8]" started-at="2024-01-09T14:14:32 IST" name="acConfig" finished-at="2024-01-09T14:14:32 IST" duration-ms="239" status="PASS">
          <reporter-output>
          </reporter-output>
        </test-method> <!-- acConfig -->
        <test-method is-config="true" signature="asConfig()[pri:0, instance:contacts.CreateContactWithLeadSource1@7dcf94f8]" started-at="2024-01-09T14:15:53 IST" name="asConfig" finished-at="2024-01-09T14:15:53 IST" duration-ms="4" status="PASS">
          <reporter-output>
          </reporter-output>
        </test-method> <!-- asConfig -->
      </class> <!-- contacts.CreateContactWithLeadSource1 -->
    </test> <!-- Test -->
  </suite> <!-- Suite -->
</testng-results>
